[debug] [2024-08-16T07:24:47.440Z] ----------------------------------------------------------------------
[debug] [2024-08-16T07:24:47.444Z] Command:       C:\Program Files\nodejs\node.exe C:\Users\vipin\AppData\Roaming\npm\node_modules\firebase-tools\lib\bin\firebase.js init
[debug] [2024-08-16T07:24:47.444Z] CLI Version:   13.15.2
[debug] [2024-08-16T07:24:47.445Z] Platform:      win32
[debug] [2024-08-16T07:24:47.445Z] Node Version:  v20.5.0
[debug] [2024-08-16T07:24:47.445Z] Time:          Fri Aug 16 2024 12:54:47 GMT+0530 (India Standard Time)
[debug] [2024-08-16T07:24:47.445Z] ----------------------------------------------------------------------
[debug] 
[debug] [2024-08-16T07:24:47.567Z] > command requires scopes: ["email","openid","https://www.googleapis.com/auth/cloudplatformprojects.readonly","https://www.googleapis.com/auth/firebase","https://www.googleapis.com/auth/cloud-platform"]
[debug] [2024-08-16T07:24:47.568Z] > authorizing via signed-in user (shubham.pvtr@gmail.com)
[info] 
     ######## #### ########  ######## ########     ###     ######  ########
     ##        ##  ##     ## ##       ##     ##  ##   ##  ##       ##
     ######    ##  ########  ######   ########  #########  ######  ######
     ##        ##  ##    ##  ##       ##     ## ##     ##       ## ##
     ##       #### ##     ## ######## ########  ##     ##  ######  ########

You're about to initialize a Firebase project in this directory:

  D:\Dashboard

Before we get started, keep in mind:

  * You are initializing within an existing Firebase project directory

